Perfect Fitness Perfect Rip Deck	1926
adidas Kids' RG III Mid Football Cleat	1793
Nike Men's Dri-FIT Victory Golf Polo	1780
Nike Men's CJ Elite 2 TD Football Cleat	1757
Pelican Sunstream 100 Kayak	1104
O'Brien Men's Neoprene Life Vest	1084
Diamondback Women's Serene Classic Comfort Bi	1059
Field & Stream Sportsman 16 Gun Fire Safe	1028
Nike Men's Free 5.0+ Running Shoe	1004
Under Armour Hustle Storm Medium Duffle Bag	939
Columbia Men's PFG Anchor Tough T-Shirt	930
Nike Men's Comfort 2 Slide	896
Nike Men's Free TR 5.0 TB Training Shoe	892
Under Armour Girls' Toddler Spine Surge Runni	873
Under Armour Men's Tech II T-Shirt	870
Nike Men's Fingertrap Max Training Shoe	859
adidas Kids' RG III Mid Football Cleat/add_to_cart	727
Perfect Fitness Perfect Rip Deck/add_to_cart	723
Nike Men's CJ Elite 2 TD Football Cleat/add_to_cart	699
Nike Men's Dri-FIT Victory Golf Polo/add_to_cart	693
adidas Youth Germany Black/Red Away Match Soc	590
The North Face Women's Recon Backpack	571
adidas Men's Germany Black Crest Away Tee	556
TYR Boys' Team Digi Jammer	541
Ogio Race Golf Shoes	508
insta-bed Neverflat Air Mattress	486
Stiga Master Series ST3100 Competition Indoor	482
Yakima DoubleDown Ace Hitch Mount 4-Bike Rack	466
Diamondback Boys' Insight 24 Performance Hybr	458
Nike Women's Free 5.0 TR FIT PRT 4 Training S	445
adidas Kids' F5 Messi FG Soccer Cleat	439
adidas Brazuca 2014 Official Match Ball	435
Pelican Sunstream 100 Kayak/add_to_cart	431
Field & Stream Sportsman 16 Gun Fire Safe/add_to_cart	431
O'Brien Men's Neoprene Life Vest/add_to_cart	425
SOLE E35 Elliptical	421
SOLE E25 Elliptical	418
Diamondback Women's Serene Classic Comfort Bi/add_to_cart	410
Nike Dri-FIT Crew Sock 6 Pack	406
Under Armour Women's Micro G Skulpt Running S	389
Nike Men's Free 5.0+ Running Shoe/add_to_cart	384
Under Armour Girls' Toddler Spine Surge Runni/add_to_cart	365
Under Armour Hustle Storm Medium Duffle Bag/add_to_cart	358
Nike Men's Comfort 2 Slide/add_to_cart	356
Columbia Men's PFG Anchor Tough T-Shirt/add_to_cart	354
Nike Men's Free TR 5.0 TB Training Shoe/add_to_cart	345
Nike Men's Fingertrap Max Training Shoe/add_to_cart	334
Under Armour Men's Tech II T-Shirt/add_to_cart	332
Under Armour Kids' Mercenary Slide	327
Under Armour Men's Compression EV SL Slide	309
Under Armour Women's Ignite Slide	296
Cleveland Golf Women's 588 RTX CB Satin Chrom	254
Cleveland Golf Collegiate My Custom Wedge 588	254
MDGolf Pittsburgh Penguins Putter	253
Top Flite Women's 2014 XL Hybrid	244
adidas Youth Germany Black/Red Away Match Soc/add_to_cart	235
adidas Men's Germany Black Crest Away Tee/add_to_cart	228
The North Face Women's Recon Backpack/add_to_cart	221
insta-bed Neverflat Air Mattress/add_to_cart	221
TYR Boys' Team Digi Jammer/add_to_cart	217
Ogio Race Golf Shoes/add_to_cart	214
Stiga Master Series ST3100 Competition Indoor/add_to_cart	189
Yakima DoubleDown Ace Hitch Mount 4-Bike Rack/add_to_cart	184
LIJA Women's Button Golf Dress	182
Nike Dri-FIT Crew Sock 6 Pack/add_to_cart	178
Glove It Imperial Golf Towel	177
Diamondback Boys' Insight 24 Performance Hybr/add_to_cart	177
Nike Women's Free 5.0 TR FIT PRT 4 Training S/add_to_cart	172
LIJA Women's Mid-Length Panel Golf Shorts	167
LIJA Women's Eyelet Sleeveless Golf Polo	165
adidas Kids' F5 Messi FG Soccer Cleat/add_to_cart	161
SOLE E35 Elliptical/add_to_cart	160
adidas Brazuca 2014 Official Match Ball/add_to_cart	158
Merrell Women's Grassbow Sport Hiking Shoe	157
Glove It Urban Brick Golf Towel	156
SOLE E25 Elliptical/add_to_cart	152
Under Armour Women's Micro G Skulpt Running S/add_to_cart	152
Garmin Approach S3 Golf GPS Watch	147
Merrell Women's Siren Mid Waterproof Hiking B	143
Glove It Women's Imperial Golf Glove	129
Under Armour Kids' Mercenary Slide/add_to_cart	123
Under Armour Men's Compression EV SL Slide/add_to_cart	122
Hirzl Women's Soffft Flex Golf Glove	122
Merrell Men's All Out Flash Trail Running Sho	116
MDGolf Pittsburgh Penguins Putter/add_to_cart	113
Hirzl Men's Hybrid Golf Glove	112
Under Armour Women's Ignite Slide/add_to_cart	112
Team Golf New England Patriots Putter Grip	112
Glove It Women's Mod Oval Golf Glove	110
Team Golf Tennessee Volunteers Putter Grip	110
Cleveland Golf Collegiate My Custom Wedge 588/add_to_cart	106
Titleist Club Glove Travel Cover	105
Clicgear 8.0 Shoe Brush	105
Top Flite Women's 2014 XL Hybrid/add_to_cart	103
Cleveland Golf Women's 588 RTX CB Satin Chrom/add_to_cart	102
Team Golf Texas Longhorns Putter Grip	100
Polar FT4 Heart Rate Monitor	97
Team Golf St. Louis Cardinals Putter Grip	89
Bridgestone e6 Straight Distance NFL San Dieg	88
Bridgestone e6 Straight Distance NFL Tennesse	88
Titleist Pro V1x Golf Balls	86
LIJA Women's Mid-Length Panel Golf Shorts/add_to_cart	85
Garmin Approach S4 Golf GPS Watch	83
Bag Boy Beverage Holder	82
Titleist Pro V1x High Numbers Golf Balls	81
Glove It Imperial Golf Towel/add_to_cart	81
Titleist Pro V1x High Numbers Personalized Go	80
Team Golf Pittsburgh Steelers Putter Grip	79
TaylorMade 2014 Purelite Stand Bag	78
Clicgear Rovic Cooler Bag	76
Polar Loop Activity Tracker	71
Bridgestone e6 Straight Distance NFL Carolina	71
Bag Boy M330 Push Cart	71
LIJA Women's Button Golf Dress/add_to_cart	68
Mio ALPHA Heart Rate Monitor/Sport Watch	66
LIJA Women's Eyelet Sleeveless Golf Polo/add_to_cart	62
Garmin Approach S3 Golf GPS Watch/add_to_cart	62
Garmin Forerunner 910XT GPS Watch	62
Bushnell Pro X7 Jolt Slope Rangefinder	60
Merrell Women's Grassbow Sport Hiking Shoe/add_to_cart	58
Glove It Urban Brick Golf Towel/add_to_cart	57
Fitbit The One Wireless Activity & Sleep Trac	55
Merrell Men's All Out Flash Trail Running Sho/add_to_cart	55
Merrell Women's Siren Mid Waterproof Hiking B/add_to_cart	53
Hirzl Women's Soffft Flex Golf Glove/add_to_cart	51
Hirzl Men's Hybrid Golf Glove/add_to_cart	47
Titleist Club Glove Travel Cover/add_to_cart	46
Glove It Women's Mod Oval Golf Glove/add_to_cart	45
Team Golf Tennessee Volunteers Putter Grip/add_to_cart	42
Polar FT4 Heart Rate Monitor/add_to_cart	41
Team Golf New England Patriots Putter Grip/add_to_cart	40
Clicgear 8.0 Shoe Brush/add_to_cart	40
Team Golf St. Louis Cardinals Putter Grip/add_to_cart	39
Glove It Women's Imperial Golf Glove/add_to_cart	38
Team Golf Texas Longhorns Putter Grip/add_to_cart	37
Bridgestone e6 Straight Distance NFL San Dieg/add_to_cart	37
Clicgear Rovic Cooler Bag/add_to_cart	36
Garmin Approach S4 Golf GPS Watch/add_to_cart	34
Bridgestone e6 Straight Distance NFL Carolina/add_to_cart	34
Titleist Pro V1x Golf Balls/add_to_cart	33
TaylorMade 2014 Purelite Stand Bag/add_to_cart	32
Titleist Pro V1x High Numbers Golf Balls/add_to_cart	32
Team Golf Pittsburgh Steelers Putter Grip/add_to_cart	32
Mio ALPHA Heart Rate Monitor/Sport Watch/add_to_cart	31
Titleist Pro V1x High Numbers Personalized Go/add_to_cart	30
Bag Boy M330 Push Cart/add_to_cart	30
Bridgestone e6 Straight Distance NFL Tennesse/add_to_cart	29
Bag Boy Beverage Holder/add_to_cart	29
Fitbit The One Wireless Activity & Sleep Trac/add_to_cart	28
Polar Loop Activity Tracker/add_to_cart	27
Garmin Forerunner 910XT GPS Watch/add_to_cart	25
Bushnell Pro X7 Jolt Slope Rangefinder/add_to_cart	23
